Summary of SPARK analysis
=========================

---------------------------------------------------------------------------------------------
SPARK Analysis results        Total       Flow   CodePeer      Provers   Justified   Unproved
---------------------------------------------------------------------------------------------
Data Dependencies                 .          .          .            .           .          .
Flow Dependencies                 .          .          .            .           .          .
Initialization                    7          7          .            .           .          .
Non-Aliasing                      .          .          .            .           .          .
Run-time Checks                   .          .          .            .           .          .
Assertions                        .          .          .            .           .          .
Functional Contracts             13          .          .    13 (CVC4)           .          .
LSP Verification                  .          .          .            .           .          .
Termination                       .          .          .            .           .          .
Concurrency                       .          .          .            .           .          .
---------------------------------------------------------------------------------------------
Total                            20    7 (35%)          .     13 (65%)           .          .


max steps used for successful proof: 1

Analyzed 4 units
in unit heating_system, 3 subprograms and packages out of 3 analyzed
  Heating_System at heating_system.ads:1 flow analyzed (0 errors, 0 checks and 0 warnings) and proved (0 checks)
  Heating_System.Control_Temperature at heating_system.ads:13 flow analyzed (0 errors, 0 checks and 0 warnings) and proved (1 checks)
  Heating_System.Windows_Status at heating_system.ads:17 flow analyzed (0 errors, 0 checks and 0 warnings) and proved (1 checks)
in unit home, 6 subprograms and packages out of 6 analyzed
  Home at home.ads:4 flow analyzed (0 errors, 0 checks and 0 warnings) and proved (0 checks)
  Home.Check_CarbonMonoxide at home.ads:30 flow analyzed (0 errors, 0 checks and 0 warnings) and proved (3 checks)
  Home.Control_Windows at home.ads:20 flow analyzed (0 errors, 0 checks and 0 warnings) and proved (2 checks)
  Home.House_Temperature at home.ads:16 flow analyzed (0 errors, 0 checks and 0 warnings) and proved (2 checks)
  Home.IsFridgeOpenOrClosed at home.ads:24 flow analyzed (0 errors, 0 checks and 0 warnings) and proved (1 checks)
  Home.IsOvenOpenOrClosed at home.ads:27 flow analyzed (0 errors, 0 checks and 0 warnings) and proved (1 checks)
in unit kitchen_appliances, 3 subprograms and packages out of 3 analyzed
  Kitchen_Appliances at kitchen_appliances.ads:1 flow analyzed (0 errors, 0 checks and 0 warnings) and proved (0 checks)
  Kitchen_Appliances.Fridge_Status at kitchen_appliances.ads:12 flow analyzed (0 errors, 0 checks and 0 warnings) and proved (1 checks)
  Kitchen_Appliances.Oven_Status at kitchen_appliances.ads:15 flow analyzed (0 errors, 0 checks and 0 warnings) and proved (1 checks)
in unit main, 0 subprograms and packages out of 1 analyzed
  main at main.adb:7 skipped
