Summary of SPARK analysis
=========================

--------------------------------------------------------------------------------------------
SPARK Analysis results        Total       Flow   CodePeer     Provers   Justified   Unproved
--------------------------------------------------------------------------------------------
Data Dependencies                 .          .          .           .           .          .
Flow Dependencies                 .          .          .           .           .          .
Initialization                    3          2          .           .           .          1
Non-Aliasing                      .          .          .           .           .          .
Run-time Checks                   .          .          .           .           .          .
Assertions                        .          .          .           .           .          .
Functional Contracts              4          .          .    4 (CVC4)           .          .
LSP Verification                  .          .          .           .           .          .
Termination                       .          .          .           .           .          .
Concurrency                       .          .          .           .           .          .
--------------------------------------------------------------------------------------------
Total                             7    2 (29%)          .     4 (57%)           .    1 (14%)


max steps used for successful proof: 1

Analyzed 3 units
in unit heating_system, 3 subprograms and packages out of 3 analyzed
  Heating_System at heating_system.ads:1 flow analyzed (0 errors, 0 checks and 0 warnings) and proved (0 checks)
  Heating_System.Control_Temperature at heating_system.ads:13 flow analyzed (0 errors, 0 checks and 0 warnings) and proved (1 checks)
  Heating_System.Windows_Status at heating_system.ads:17 flow analyzed (0 errors, 1 checks and 0 warnings) and proved (1 checks)
in unit kitchen_appliances, 3 subprograms and packages out of 3 analyzed
  Kitchen_Appliances at kitchen_appliances.ads:1 flow analyzed (0 errors, 0 checks and 0 warnings) and proved (0 checks)
  Kitchen_Appliances.Fridge_Status at kitchen_appliances.ads:12 flow analyzed (0 errors, 0 checks and 0 warnings) and proved (1 checks)
  Kitchen_Appliances.Oven_Status at kitchen_appliances.ads:15 flow analyzed (0 errors, 0 checks and 0 warnings) and proved (1 checks)
in unit main, 0 subprograms and packages out of 1 analyzed
  main at main.adb:7 skipped
