Summary of SPARK analysis
=========================

--------------------------------------------------------------------------------------------
SPARK Analysis results        Total       Flow   CodePeer     Provers   Justified   Unproved
--------------------------------------------------------------------------------------------
Data Dependencies                 .          .          .           .           .          .
Flow Dependencies                 .          .          .           .           .          .
Initialization                    1          1          .           .           .          .
Non-Aliasing                      .          .          .           .           .          .
Run-time Checks                   .          .          .           .           .          .
Assertions                        .          .          .           .           .          .
Functional Contracts              1          .          .    1 (CVC4)           .          .
LSP Verification                  .          .          .           .           .          .
Termination                       .          .          .           .           .          .
Concurrency                       .          .          .           .           .          .
--------------------------------------------------------------------------------------------
Total                             2    1 (50%)          .     1 (50%)           .          .


max steps used for successful proof: 1

Analyzed 2 units
in unit heating_system, 2 subprograms and packages out of 2 analyzed
  Heating_System at heating_system.ads:1 flow analyzed (0 errors, 0 checks and 0 warnings) and proved (0 checks)
  Heating_System.Control_Heating at heating_system.ads:7 flow analyzed (0 errors, 0 checks and 0 warnings) and proved (1 checks)
in unit main, 0 subprograms and packages out of 1 analyzed
  main at main.adb:7 skipped
